Removed Pin From Net: NetName=USB_5V Pin=D?-2
Added Component: Designator=F?(FUSC1608X75N)
Add component (AddParameter): Name = "Arrow Part Number"; Value = "0603L035YR"; VariantName = "[No Variations]"
Add component (AddParameter): Name = "Arrow Price/Stock"; Value = "https://www.arrow.com/en/products/0603l035yr/littelfuse?region=europe"; VariantName = "[No Variations]"
Add component (AddParameter): Name = "Datasheet Link"; Value = "https://www.littelfuse.com/~/media/electronics/datasheets/resettable_ptcs/littelfuse_ptc_0603l_datasheet.pdf.pdf"; VariantName = "[No Variations]"
Add component (AddParameter): Name = "Height"; Value = "0.75mm"; VariantName = "[No Variations]"
Add component (AddParameter): Name = "Manufacturer_Name"; Value = "LITTELFUSE"; VariantName = "[No Variations]"
Add component (AddParameter): Name = "Manufacturer_Part_Number"; Value = "0603L035YR"; VariantName = "[No Variations]"
Add component (AddParameter): Name = "Mouser Part Number"; Value = "576-0603L035YR"; VariantName = "[No Variations]"
Add component (AddParameter): Name = "Mouser Price/Stock"; Value = "https://www.mouser.co.uk/ProductDetail/Littelfuse/0603L035YR?qs=PalBzRKzfnvD8ztzU42n%2Fw%3D%3D"; VariantName = "[No Variations]"
Added Component: Designator=FB?(BLM18SP221SN1B)
Add component (AddParameter): Name = "Code_IEC"; Value = "1005"; VariantName = "[No Variations]"
Add component (AddParameter): Name = "Code_JEITA"; Value = "0402"; VariantName = "[No Variations]"
Add component (AddParameter): Name = "LatestRevisionDate"; Value = "29-May-2009"; VariantName = "[No Variations]"
Add component (AddParameter): Name = "LatestRevisionNote"; Value = "IPC-7351 Footprint Added."; VariantName = "[No Variations]"
Add component (AddParameter): Name = "PackageDescription"; Value = "Chip Inductor"; VariantName = "[No Variations]"
Add component (AddParameter): Name = "PackageReference"; Value = "0402-A"; VariantName = "[No Variations]"
Add component (AddParameter): Name = "Published"; Value = "8-Jun-2000"; VariantName = "[No Variations]"
Add component (AddParameter): Name = "Publisher"; Value = "Altium Limited"; VariantName = "[No Variations]"
Add component (AddParameter): Name = "Value"; Value = "10uH"; VariantName = "[No Variations]"
Added Pin To Net: NetName=USB_5V Pin=F?-1
Added Pin To Net: NetName=NetD?_2 Pin=D?-2
Added Pin To Net: NetName=NetD?_2 Pin=FB?-2
Added Net: Name=NetD?_2
Added Pin To Net: NetName=NetF?_2 Pin=F?-2
Added Pin To Net: NetName=NetF?_2 Pin=FB?-1
Added Net: Name=NetF?_2
Add Net: Net with name "NetLED?_1" already exists
Added Member To Class: ClassName=MCU Member=Component C? 100nF ㊣10% 50V X7R
Added Member To Class: ClassName=MCU Member=Component C? 10pF ㊣5%_X7R
Added Member To Class: ClassName=MCU Member=Component C? 10pF ㊣5%_X7R
Added Member To Class: ClassName=MCU Member=Component C? 4.7uF ㊣10% 10V X5R
Added Member To Class: ClassName=Port Member=Component F? 0603L035YR
Added Member To Class: ClassName=Port Member=Component FB? 1K㊣25%@100MHz
Added Member To Class: ClassName=Relay Member=Component K? G6K-2F-Y-TR-DC3
Added Member To Class: ClassName=MCU Member=Component LED? GREEN
Added Member To Class: ClassName=MCU Member=Component R? 10K次 ㊣1% 62.5mW
Added Member To Class: ClassName=MCU Member=Component R? 10K次 ㊣1% 62.5mW
Added Member To Class: ClassName=Port Member=Component R? 22次 ㊣1% 62.5mW
Added Member To Class: ClassName=Port Member=Component R? 5.1k次 ㊣1% 62.5mW
Added Member To Class: ClassName=Port Member=Component R? 22次 ㊣1% 62.5mW
Added Member To Class: ClassName=Port Member=Component R? 10K次 ㊣1% 62.5mW
