Removed Pin From Net: NetName=GND Pin=LED?-2
Removed Pin From Net: NetName=LEDIndicate Pin=LED?-2
Removed Pin From Net: NetName=VCC5V0_SYS Pin=R?-2
Removed Pin From Net: NetName=VCC5V0_SYS Pin=R?-2
Change Component Footprint: Designator=R? Old Footprint=R0603 New Footprint=R0402
Change Component Footprint: Designator=R? Old Footprint=R0603 New Footprint=R0402
Change Component Comment : Designator=R? Old Comment=10k次 ㊣1% 100mW New Comment=10K次 ㊣1% 62.5mW
Change Component Comment : Designator=R? Old Comment=10k次 ㊣1% 100mW New Comment=10K次 ㊣1% 62.5mW
Change component parameters: Designator = "R?" ("R?"); Footprint = "R0603"; UniqueID = "\KSUXFYCV" ("\KSUXFYCV")
Change component parameters: Designator = "R?" ("R?"); Footprint = "R0603"; UniqueID = "\TYDXDXRP" ("\TYDXDXRP")
Added Member To Class: ClassName=MCU Member=Component C? 100nF ㊣10% 50V X7R
Added Member To Class: ClassName=MCU Member=Component C? 4.7uF ㊣10% 10V X5R
Added Member To Class: ClassName=MCU Member=Component C? 10pF ㊣5%_X7R
Added Member To Class: ClassName=MCU Member=Component C? 10pF ㊣5%_X7R
Added Member To Class: ClassName=Relay Member=Component K? G6K-2F-Y-TR-DC3
Added Member To Class: ClassName=MCU Member=Component LED? GREEN
Added Member To Class: ClassName=MCU Member=Component R? 10K次 ㊣1% 62.5mW
Added Member To Class: ClassName=MCU Member=Component R? 10K次 ㊣1% 62.5mW
Added Member To Class: ClassName=Port Member=Component R? 5.1k次 ㊣1% 62.5mW
Added Member To Class: ClassName=Port Member=Component R? 10K次 ㊣1% 62.5mW
Added Member To Class: ClassName=Port Member=Component R? 22次 ㊣1% 62.5mW
Added Member To Class: ClassName=Port Member=Component R? 22次 ㊣1% 62.5mW
