Add Component: Footprint Not Found C0402
Add Component: Footprint Not Found C0402
Add Component: Footprint Not Found C0402
Add Component: Footprint Not Found C0402
Add Component: Footprint Not Found C0402
Add Component: Footprint Not Found SMA_L4.4-W2.6-LS5.0-RD
Add Component: Footprint Not Found JST_PH 2.00-5
Added Component: Designator=K?(G6K2FYDC3)
Add component (AddParameter): Name = "Arrow Part Number"; Value = ""; VariantName = "[No Variations]"
Add component (AddParameter): Name = "Arrow Price/Stock"; Value = ""; VariantName = "[No Variations]"
Add component (AddParameter): Name = "Datasheet Link"; Value = "https://omronfs.omron.com/en_US/ecb/products/pdf/en-g6k.pdf"; VariantName = "[No Variations]"
Add component (AddParameter): Name = "Height"; Value = "5.4mm"; VariantName = "[No Variations]"
Add component (AddParameter): Name = "Manufacturer_Name"; Value = "Omron Electronics"; VariantName = "[No Variations]"
Add component (AddParameter): Name = "Manufacturer_Part_Number"; Value = "G6K-2F-Y  DC3"; VariantName = "[No Variations]"
Add component (AddParameter): Name = "Mouser Part Number"; Value = ""; VariantName = "[No Variations]"
Add component (AddParameter): Name = "Mouser Price/Stock"; Value = ""; VariantName = "[No Variations]"
Added Component: Designator=K?(G6K2FYTRDC3)
Add component (AddParameter): Name = "Arrow Part Number"; Value = ""; VariantName = "[No Variations]"
Add component (AddParameter): Name = "Arrow Price/Stock"; Value = ""; VariantName = "[No Variations]"
Add component (AddParameter): Name = "Datasheet Link"; Value = "https://componentsearchengine.com/Datasheets/1/G6K-2F-Y-TR-DC3.pdf"; VariantName = "[No Variations]"
Add component (AddParameter): Name = "Height"; Value = "5.4mm"; VariantName = "[No Variations]"
Add component (AddParameter): Name = "Manufacturer_Name"; Value = "Omron Electronics"; VariantName = "[No Variations]"
Add component (AddParameter): Name = "Manufacturer_Part_Number"; Value = "G6K-2F-Y-TR-DC3"; VariantName = "[No Variations]"
Add component (AddParameter): Name = "Mouser Part Number"; Value = "653-G6K-2F-Y-TR-DC3"; VariantName = "[No Variations]"
Add component (AddParameter): Name = "Mouser Price/Stock"; Value = "https://www.mouser.co.uk/ProductDetail/Omron-Electronics/G6K-2F-Y-TR-DC3?qs=k5V78Jg%2Feq7rqxROmHJ3sA%3D%3D"; VariantName = "[No Variations]"
Add Component: Footprint Not Found LED0603-RD
Add Component: Footprint Not Found LED0603-RD
Add Component: Footprint Not Found R0402
Add Component: Footprint Not Found R0402
Add Component: Footprint Not Found R0402
Add Component: Footprint Not Found R0402
Add Component: Footprint Not Found R0603
Add Component: Footprint Not Found R0603
Add Component: Footprint Not Found R0402
Add Component: Footprint Not Found R0402
Added Component: Designator=U1(QFP50P900X900X160-48N)
Add component (AddParameter): Name = "Arrow Part Number"; Value = "STM32G030C6T6"; VariantName = "[No Variations]"
Add component (AddParameter): Name = "Arrow Price/Stock"; Value = "https://www.arrow.com/en/products/stm32g030c6t6/stmicroelectronics?utm_currency=USD&region=nac"; VariantName = "[No Variations]"
Add component (AddParameter): Name = "Datasheet Link"; Value = "https://datasheet.datasheetarchive.com/originals/distributors/Datasheets_SAMA/41d698f2d3eefcd1331311559e90da5e.pdf"; VariantName = "[No Variations]"
Add component (AddParameter): Name = "Height"; Value = "1.6mm"; VariantName = "[No Variations]"
Add component (AddParameter): Name = "Manufacturer_Name"; Value = "STMicroelectronics"; VariantName = "[No Variations]"
Add component (AddParameter): Name = "Manufacturer_Part_Number"; Value = "STM32G030C6T6"; VariantName = "[No Variations]"
Add component (AddParameter): Name = "Mouser Part Number"; Value = "511-STM32G030C6T6"; VariantName = "[No Variations]"
Add component (AddParameter): Name = "Mouser Price/Stock"; Value = "https://www.mouser.co.uk/ProductDetail/STMicroelectronics/STM32G030C6T6?qs=uwxL4vQweFNhONHhoas%2FMg%3D%3D"; VariantName = "[No Variations]"
Add Component: Footprint Not Found USB-C-16P
Add Component: Footprint Not Found CRYSTAL_3225
Added Pin To Net: NetName=GND Pin=U1-7
Added Net: Name=GND
Added Pin To Net: NetName=LEDIndicate Pin=U1-14
Added Net: Name=LEDIndicate
Added Pin To Net: NetName=NetC?_2 Pin=U1-10
Added Net: Name=NetC?_2
Added Net: Name=NetLED?_1
Add Net: Net with name "NetLED?_1" already exists
Added Net: Name=NetR?_1
Added Net: Name=NetR?_2
Added Pin To Net: NetName=OSC_N Pin=U1-9
Added Net: Name=OSC_N
Added Pin To Net: NetName=OSC_P Pin=U1-8
Added Net: Name=OSC_P
Added Pin To Net: NetName=relayCtrl1 Pin=U1-15
Added Net: Name=relayCtrl1
Added Pin To Net: NetName=relayCtrl2 Pin=U1-16
Added Net: Name=relayCtrl2
Added Pin To Net: NetName=relayCtrl3 Pin=U1-17
Added Net: Name=relayCtrl3
Added Pin To Net: NetName=relayCtrl4 Pin=U1-18
Added Net: Name=relayCtrl4
Added Pin To Net: NetName=relayCtrl5 Pin=U1-19
Added Net: Name=relayCtrl5
Added Pin To Net: NetName=relayCtrl6 Pin=U1-20
Added Net: Name=relayCtrl6
Added Pin To Net: NetName=relayCtrl7 Pin=U1-21
Added Net: Name=relayCtrl7
Added Pin To Net: NetName=relayCtrl8 Pin=U1-22
Added Net: Name=relayCtrl8
Added Pin To Net: NetName=relayCtrl9 Pin=U1-28
Added Net: Name=relayCtrl9
Added Pin To Net: NetName=relayCtrl10 Pin=U1-29
Added Net: Name=relayCtrl10
Added Pin To Net: NetName=relayCtrl11 Pin=U1-32
Added Net: Name=relayCtrl11
Added Pin To Net: NetName=relayCtrl12 Pin=U1-33
Added Net: Name=relayCtrl12
Added Pin To Net: NetName=relayCtrl13 Pin=U1-44
Added Net: Name=relayCtrl13
Added Pin To Net: NetName=relayCtrl14 Pin=U1-45
Added Net: Name=relayCtrl14
Added Pin To Net: NetName=relayCtrl15 Pin=U1-46
Added Net: Name=relayCtrl15
Added Pin To Net: NetName=relayCtrl16 Pin=U1-47
Added Net: Name=relayCtrl16
Added Net: Name=RESET
Added Pin To Net: NetName=SWCLK Pin=U1-36
Added Net: Name=SWCLK
Added Pin To Net: NetName=SWDIO Pin=U1-35
Added Net: Name=SWDIO
Added Net: Name=USB_5V
Added Net: Name=USB_DN
Added Net: Name=USB_DP
Added Pin To Net: NetName=VCC3V3_SYS Pin=U1-6
Added Net: Name=VCC3V3_SYS
Added Net: Name=VCC5V0_SYS
Added Class: Name=MCU
Added Class: Name=Port
Added Class: Name=Relay
Added Class: Name=relayCtrl[1..16]
Added Rule: Name=Schematic Supply Nets
Added Rule: Name=Schematic Supply Nets_1
Added Rule: Name=Schematic Supply Nets_2
Added Rule: Name=Schematic Supply Nets_3
