Removed Pin From Net: NetName=GND Pin=C?-1
Removed Pin From Net: NetName=OSC_N Pin=C?-1
Removed Pin From Net: NetName=OSC_P Pin=C?-1
Removed Pin From Net: NetName=GND Pin=C?-2
Removed Pin From Net: NetName=GND Pin=C?-2
Removed Pin From Net: NetName=VCC3V3_SYS Pin=C?-2
Removed Pin From Net: NetName=VCC3V3_SYS Pin=C?-2
Removed Pin From Net: NetName=VCC3V3_SYS Pin=C?-2
Removed Pin From Net: NetName=VCC3V3_SYS Pin=C?-2
Removed Pin From Net: NetName=SWCLK Pin=J?-2
Removed Pin From Net: NetName=SWDIO Pin=J?-4
Removed Pin From Net: NetName=NetLED?_1 Pin=LED?-1
Removed Pin From Net: NetName=GND Pin=LED?-2
Removed Pin From Net: NetName=LEDIndicate Pin=LED?-2
Removed Pin From Net: NetName=GND Pin=R?-1
Removed Pin From Net: NetName=GND Pin=R?-1
Removed Pin From Net: NetName=NetR?_1 Pin=R?-1
Removed Pin From Net: NetName=SWDIO Pin=R?-1
Removed Pin From Net: NetName=USB_DN Pin=R?-1
Removed Pin From Net: NetName=USB_DP Pin=R?-1
Removed Pin From Net: NetName=VCC5V0_SYS Pin=R?-1
Removed Pin From Net: NetName=VCC5V0_SYS Pin=R?-1
Removed Pin From Net: NetName=GND Pin=R?-2
Removed Pin From Net: NetName=NetLED?_1 Pin=R?-2
Removed Pin From Net: NetName=NetR?_2 Pin=R?-2
Removed Pin From Net: NetName=SWCLK Pin=R?-2
Removed Pin From Net: NetName=VCC3V3_SYS Pin=R?-2
Change Component Footprint: Designator=K? Old Footprint=G6K2FYDC3 New Footprint=G6K2FYTRDC3
Change Component Footprint: Designator=K? Old Footprint=G6K2FYTRDC3 New Footprint=G6K2FYDC3
Change Component Comment : Designator=C? Old Comment=4.7uF ㊣10% 10V X5R New Comment=100nF ㊣10% 50V X7R
Change Component Comment : Designator=R? Old Comment=5.1k次 ㊣1% 62.5mW New Comment=10K次 ㊣1% 62.5mW
Change Component Comment : Designator=R? Old Comment=5.1k次 ㊣1% 62.5mW New Comment=22次 ㊣1% 62.5mW
Change Component Comment : Designator=R? Old Comment=10K次 ㊣1% 62.5mW New Comment=5.1k次 ㊣1% 62.5mW
Change Component Comment : Designator=R? Old Comment=10K次 ㊣1% 62.5mW New Comment=5.1k次 ㊣1% 62.5mW
Change Component Comment : Designator=C? Old Comment=10pF ㊣5%_X7R New Comment=4.7uF ㊣10% 10V X5R
Change Component Comment : Designator=C? Old Comment=10pF ㊣5%_X7R New Comment=100nF ㊣10% 50V X7R
Change Component Comment : Designator=R? Old Comment=22次 ㊣1% 62.5mW New Comment=10K次 ㊣1% 62.5mW
Change Component Comment : Designator=C? Old Comment=100nF ㊣10% 50V X7R New Comment=10pF ㊣5%_X7R
Change Component Comment : Designator=C? Old Comment=100nF ㊣10% 50V X7R New Comment=10pF ㊣5%_X7R
Change Component Comment : Designator=K? Old Comment=G6K-2F-Y-TR-DC3 New Comment=G6K-2F-Y__DC3
Change Component Comment : Designator=K? Old Comment=G6K-2F-Y__DC3 New Comment=G6K-2F-Y-TR-DC3
Change component parameters: Designator = "K?" ("K?"); Footprint = "G6K2FYTRDC3"; UniqueID = "\BPRKYIBM\IWYDMNQK" ("\BPRKYIBM\IWYDMNQK")
Change component parameters (AddParameter): Name = "Arrow Part Number"; Value = ""; VariantName = "[No Variations]"
Change component parameters (AddParameter): Name = "Arrow Price/Stock"; Value = ""; VariantName = "[No Variations]"
Change component parameters (AddParameter): Name = "Datasheet Link"; Value = "https://omronfs.omron.com/en_US/ecb/products/pdf/en-g6k.pdf"; VariantName = "[No Variations]"
Change component parameters (AddParameter): Name = "Height"; Value = "5.4mm"; VariantName = "[No Variations]"
Change component parameters (AddParameter): Name = "Manufacturer_Name"; Value = "Omron Electronics"; VariantName = "[No Variations]"
Change component parameters (AddParameter): Name = "Manufacturer_Part_Number"; Value = "G6K-2F-Y  DC3"; VariantName = "[No Variations]"
Change component parameters (AddParameter): Name = "Mouser Part Number"; Value = ""; VariantName = "[No Variations]"
Change component parameters (AddParameter): Name = "Mouser Price/Stock"; Value = ""; VariantName = "[No Variations]"
Change component parameters: Designator = "K?" ("K?"); Footprint = "G6K2FYDC3"; UniqueID = "\BPRKYIBM\MYDXJAER" ("\BPRKYIBM\MYDXJAER")
Change component parameters (AddParameter): Name = "Arrow Part Number"; Value = ""; VariantName = "[No Variations]"
Change component parameters (AddParameter): Name = "Arrow Price/Stock"; Value = ""; VariantName = "[No Variations]"
Change component parameters (AddParameter): Name = "Datasheet Link"; Value = "https://componentsearchengine.com/Datasheets/1/G6K-2F-Y-TR-DC3.pdf"; VariantName = "[No Variations]"
Change component parameters (AddParameter): Name = "Height"; Value = "5.4mm"; VariantName = "[No Variations]"
Change component parameters (AddParameter): Name = "Manufacturer_Name"; Value = "Omron Electronics"; VariantName = "[No Variations]"
Change component parameters (AddParameter): Name = "Manufacturer_Part_Number"; Value = "G6K-2F-Y-TR-DC3"; VariantName = "[No Variations]"
Change component parameters (AddParameter): Name = "Mouser Part Number"; Value = "653-G6K-2F-Y-TR-DC3"; VariantName = "[No Variations]"
Change component parameters (AddParameter): Name = "Mouser Price/Stock"; Value = "https://www.mouser.co.uk/ProductDetail/Omron-Electronics/G6K-2F-Y-TR-DC3?qs=k5V78Jg%2Feq7rqxROmHJ3sA%3D%3D"; VariantName = "[No Variations]"
Change component parameters: Designator = "R?" ("R?"); Footprint = "R0402"; UniqueID = "\EEDCWJDO\IHJQGVNV" ("\EEDCWJDO\IHJQGVNV")
Change component parameters (AddParameter): Name = "LatestRevisionDate"; Value = "17-Jul-2002"; VariantName = "[No Variations]"
Change component parameters (AddParameter): Name = "LatestRevisionNote"; Value = "Re-released for DXP Platform."; VariantName = "[No Variations]"
Change component parameters (AddParameter): Name = "PackageDescription"; Value = "Axial Device, Thru-Hole; 2 Leads; 0.3 in Pin Spacing"; VariantName = "[No Variations]"
Change component parameters (AddParameter): Name = "PackageReference"; Value = "AXIAL-0.3"; VariantName = "[No Variations]"
Change component parameters (AddParameter): Name = "Published"; Value = "8-Jun-2000"; VariantName = "[No Variations]"
Change component parameters (AddParameter): Name = "Publisher"; Value = "Altium Limited"; VariantName = "[No Variations]"
Change component parameters: Designator = "R?" ("R?"); Footprint = "R0402"; UniqueID = "\EEDCWJDO\EYKPMXGM" ("\EEDCWJDO\EYKPMXGM")
Change component parameters (AddParameter): Name = "LatestRevisionDate"; Value = "17-Jul-2002"; VariantName = "[No Variations]"
Change component parameters (AddParameter): Name = "LatestRevisionNote"; Value = "Re-released for DXP Platform."; VariantName = "[No Variations]"
Change component parameters (AddParameter): Name = "PackageDescription"; Value = "Axial Device, Thru-Hole; 2 Leads; 0.3 in Pin Spacing"; VariantName = "[No Variations]"
Change component parameters (AddParameter): Name = "PackageReference"; Value = "AXIAL-0.3"; VariantName = "[No Variations]"
Change component parameters (AddParameter): Name = "Published"; Value = "8-Jun-2000"; VariantName = "[No Variations]"
Change component parameters (AddParameter): Name = "Publisher"; Value = "Altium Limited"; VariantName = "[No Variations]"
Change component parameters: Designator = "R?" ("R?"); Footprint = "R0402"; UniqueID = "\NJCNVBWY\KSUXFYCV" ("\NJCNVBWY\KSUXFYCV")
Change component parameters: Designator = "R?" ("R?"); Footprint = "R0402"; UniqueID = "\EEDCWJDO\JHLGPIPC" ("\EEDCWJDO\JHLGPIPC")
Added Component: Designator=C?(C0402)
Add component (AddParameter): Name = "LatestRevisionDate"; Value = "17-Jul-2002"; VariantName = "[No Variations]"
Add component (AddParameter): Name = "LatestRevisionNote"; Value = "Re-released for DXP Platform."; VariantName = "[No Variations]"
Add component (AddParameter): Name = "PackageDescription"; Value = "Radial Cap, Thru-Hole; 2 Leads; 0.3 in Pin Spacing"; VariantName = "[No Variations]"
Add component (AddParameter): Name = "PackageReference"; Value = "RAD-0.3"; VariantName = "[No Variations]"
Add component (AddParameter): Name = "Published"; Value = "8-Jun-2000"; VariantName = "[No Variations]"
Add component (AddParameter): Name = "Publisher"; Value = "Altium Limited"; VariantName = "[No Variations]"
Added Component: Designator=C?(C0402)
Add component (AddParameter): Name = "LatestRevisionDate"; Value = "17-Jul-2002"; VariantName = "[No Variations]"
Add component (AddParameter): Name = "LatestRevisionNote"; Value = "Re-released for DXP Platform."; VariantName = "[No Variations]"
Add component (AddParameter): Name = "PackageDescription"; Value = "Radial Cap, Thru-Hole; 2 Leads; 0.3 in Pin Spacing"; VariantName = "[No Variations]"
Add component (AddParameter): Name = "PackageReference"; Value = "RAD-0.3"; VariantName = "[No Variations]"
Add component (AddParameter): Name = "Published"; Value = "8-Jun-2000"; VariantName = "[No Variations]"
Add component (AddParameter): Name = "Publisher"; Value = "Altium Limited"; VariantName = "[No Variations]"
Added Pin To Net: NetName=GND Pin=C?-1
Added Pin To Net: NetName=GND Pin=C?-1
Added Pin To Net: NetName=GND Pin=C?-1
Added Pin To Net: NetName=GND Pin=C?-1
Added Pin To Net: NetName=GND Pin=C?-1
Added Pin To Net: NetName=OSC_N Pin=C?-1
Added Pin To Net: NetName=OSC_P Pin=C?-1
Added Pin To Net: NetName=GND Pin=C?-2
Added Pin To Net: NetName=GND Pin=C?-2
Added Pin To Net: NetName=VCC3V3_SYS Pin=C?-2
Added Pin To Net: NetName=VCC3V3_SYS Pin=C?-2
Added Pin To Net: NetName=VCC3V3_SYS Pin=C?-2
Added Pin To Net: NetName=VCC3V3_SYS Pin=C?-2
Added Pin To Net: NetName=VCC5V0_SYS Pin=C?-2
Added Pin To Net: NetName=VCC5V0_SYS Pin=C?-2
Added Pin To Net: NetName=GND Pin=IC?-1
Added Pin To Net: NetName=VCC3V3_SYS Pin=IC?-2
Added Pin To Net: NetName=VCC5V0_SYS Pin=IC?-3
Added Pin To Net: NetName=VCC3V3_SYS Pin=IC?-4
Added Pin To Net: NetName=NetLED?_1 Pin=LED?-1
Added Pin To Net: NetName=GND Pin=LED?-2
Added Pin To Net: NetName=LEDIndicate Pin=LED?-2
Added Pin To Net: NetName=GND Pin=R?-1
Added Pin To Net: NetName=GND Pin=R?-1
Added Pin To Net: NetName=NetR?_1 Pin=R?-1
Added Pin To Net: NetName=USB_DN Pin=R?-1
Added Pin To Net: NetName=USB_DP Pin=R?-1
Added Pin To Net: NetName=VCC5V0_SYS Pin=R?-1
Added Pin To Net: NetName=VCC5V0_SYS Pin=R?-1
Added Pin To Net: NetName=GND Pin=R?-2
Added Pin To Net: NetName=NetLED?_1 Pin=R?-2
Added Pin To Net: NetName=NetR?_2 Pin=R?-2
Added Pin To Net: NetName=SWCLK Pin=R?-2
Added Pin To Net: NetName=VCC3V3_SYS Pin=R?-2
Change Net Name : Old Net Name=RESET New Net Name=NetJ?_5
Added Pin To Net: NetName=NetJ?_2 Pin=J?-2
Added Net: Name=NetJ?_2
Added Pin To Net: NetName=NetJ?_4 Pin=J?-4
Added Pin To Net: NetName=NetJ?_4 Pin=R?-1
Added Net: Name=NetJ?_4
Add Net: Net with name "NetLED?_1" already exists
Change Class Name : Old Net Name=MCU New Net Name=U_MCU
Change Class Name : Old Net Name=Port New Net Name=U_Port
Change Class Name : Old Net Name=Power New Net Name=U_Power
Change Class Name : Old Net Name=Relay New Net Name=U_Relay
Added Member To Class: ClassName=U_MCU Member=Component C? 10pF ㊣5%_X7R
Added Member To Class: ClassName=U_MCU Member=Component C? 100nF ㊣10% 50V X7R
Added Member To Class: ClassName=U_MCU Member=Component C? 10pF ㊣5%_X7R
Added Member To Class: ClassName=U_MCU Member=Component C? 4.7uF ㊣10% 10V X5R
Added Member To Class: ClassName=U_Power Member=Component C? 100nF ㊣10% 50V X7R
Added Member To Class: ClassName=U_Power Member=Component C? 100nF ㊣10% 50V X7R
Added Member To Class: ClassName=U_Power Member=Component C? 4.7uF ㊣10% 10V X5R
Added Member To Class: ClassName=U_Relay Member=Component K? G6K-2F-Y-TR-DC3
Added Member To Class: ClassName=U_MCU Member=Component LED? GREEN
Added Member To Class: ClassName=U_MCU Member=Component R? 10K次 ㊣1% 62.5mW
Added Member To Class: ClassName=U_MCU Member=Component R? 10K次 ㊣1% 62.5mW
Added Member To Class: ClassName=U_Port Member=Component R? 22次 ㊣1% 62.5mW
Added Member To Class: ClassName=U_Port Member=Component R? 5.1k次 ㊣1% 62.5mW
Added Member To Class: ClassName=U_Port Member=Component R? 22次 ㊣1% 62.5mW
Added Member To Class: ClassName=U_Port Member=Component R? 10K次 ㊣1% 62.5mW
