Add Component: Footprint Not Found JST_PH 2.00-5
Add Pin To Net: Unknown Pin: Pin J?-1
Add Pin To Net: Unknown Pin: Pin J?-2
Add Pin To Net: Unknown Pin: Pin J?-3
Add Pin To Net: Unknown Pin: Pin J?-4
Add Pin To Net: Unknown Pin: Pin J?-5
Add Net: Net with name "NetLED?_1" already exists
Added Member To Class: ClassName=MCU Member=Component C? 100nF ㊣10% 50V X7R
Added Member To Class: ClassName=MCU Member=Component C? 10pF ㊣5%_X7R
Added Member To Class: ClassName=MCU Member=Component C? 10pF ㊣5%_X7R
Added Member To Class: ClassName=MCU Member=Component C? 4.7uF ㊣10% 10V X5R
Add Class Member: Failed to add class member : Component J? NC
Added Member To Class: ClassName=Relay Member=Component K? G6K-2F-Y-TR-DC3
Added Member To Class: ClassName=MCU Member=Component LED? GREEN
Added Member To Class: ClassName=MCU Member=Component R? 10K次 ㊣1% 62.5mW
Added Member To Class: ClassName=MCU Member=Component R? 10k次 ㊣1% 100mW
Added Member To Class: ClassName=Port Member=Component R? 5.1k次 ㊣1% 62.5mW
Added Member To Class: ClassName=Port Member=Component R? 22次 ㊣1% 62.5mW
Added Member To Class: ClassName=Port Member=Component R? 10K次 ㊣1% 62.5mW
Added Member To Class: ClassName=Port Member=Component R? 22次 ㊣1% 62.5mW
