Added Component: Designator=C?(C0402)
Add component (AddParameter): Name = "LatestRevisionDate"; Value = "17-Jul-2002"; VariantName = "[No Variations]"
Add component (AddParameter): Name = "LatestRevisionNote"; Value = "Re-released for DXP Platform."; VariantName = "[No Variations]"
Add component (AddParameter): Name = "PackageDescription"; Value = "Radial Cap, Thru-Hole; 2 Leads; 0.3 in Pin Spacing"; VariantName = "[No Variations]"
Add component (AddParameter): Name = "PackageReference"; Value = "RAD-0.3"; VariantName = "[No Variations]"
Add component (AddParameter): Name = "Published"; Value = "8-Jun-2000"; VariantName = "[No Variations]"
Add component (AddParameter): Name = "Publisher"; Value = "Altium Limited"; VariantName = "[No Variations]"
Added Component: Designator=C?(C0402)
Add component (AddParameter): Name = "LatestRevisionDate"; Value = "17-Jul-2002"; VariantName = "[No Variations]"
Add component (AddParameter): Name = "LatestRevisionNote"; Value = "Re-released for DXP Platform."; VariantName = "[No Variations]"
Add component (AddParameter): Name = "PackageDescription"; Value = "Radial Cap, Thru-Hole; 2 Leads; 0.3 in Pin Spacing"; VariantName = "[No Variations]"
Add component (AddParameter): Name = "PackageReference"; Value = "RAD-0.3"; VariantName = "[No Variations]"
Add component (AddParameter): Name = "Published"; Value = "8-Jun-2000"; VariantName = "[No Variations]"
Add component (AddParameter): Name = "Publisher"; Value = "Altium Limited"; VariantName = "[No Variations]"
Added Component: Designator=IC?(SOT229P700X180-4N)
Add component (AddParameter): Name = "Arrow Part Number"; Value = ""; VariantName = "[No Variations]"
Add component (AddParameter): Name = "Arrow Price/Stock"; Value = ""; VariantName = "[No Variations]"
Add component (AddParameter): Name = "Datasheet Link"; Value = "https://datasheet.datasheetarchive.com/originals/distributors/Datasheets-28/DSA-550594.pdf"; VariantName = "[No Variations]"
Add component (AddParameter): Name = "Height"; Value = "1.8mm"; VariantName = "[No Variations]"
Add component (AddParameter): Name = "Manufacturer_Name"; Value = "Advanced"; VariantName = "[No Variations]"
Add component (AddParameter): Name = "Manufacturer_Part_Number"; Value = "AMS1117-3.3"; VariantName = "[No Variations]"
Add component (AddParameter): Name = "Mouser Part Number"; Value = ""; VariantName = "[No Variations]"
Add component (AddParameter): Name = "Mouser Price/Stock"; Value = ""; VariantName = "[No Variations]"
Added Pin To Net: NetName=VCC3V3_SYS Pin=C?-2
Added Pin To Net: NetName=VCC3V3_SYS Pin=C?-2
Added Pin To Net: NetName=NetC?_1 Pin=C?-1
Added Pin To Net: NetName=NetC?_1 Pin=C?-1
Added Net: Name=NetC?_1
Add Net: Net with name "NetLED?_1" already exists
Added Class: Name=Power
Added Member To Class: ClassName=MCU Member=Component C? 10pF ㊣5%_X7R
Added Member To Class: ClassName=MCU Member=Component C? 4.7uF ㊣10% 10V X5R
Added Member To Class: ClassName=MCU Member=Component C? 10pF ㊣5%_X7R
Added Member To Class: ClassName=MCU Member=Component C? 100nF ㊣10% 50V X7R
Added Member To Class: ClassName=Relay Member=Component K? G6K-2F-Y-TR-DC3
Added Member To Class: ClassName=MCU Member=Component LED? GREEN
Added Member To Class: ClassName=MCU Member=Component R? 10K次 ㊣1% 62.5mW
Added Member To Class: ClassName=MCU Member=Component R? 10K次 ㊣1% 62.5mW
Added Member To Class: ClassName=Port Member=Component R? 22次 ㊣1% 62.5mW
Added Member To Class: ClassName=Port Member=Component R? 5.1k次 ㊣1% 62.5mW
Added Member To Class: ClassName=Port Member=Component R? 22次 ㊣1% 62.5mW
Added Member To Class: ClassName=Port Member=Component R? 10K次 ㊣1% 62.5mW
